<?xml version="1.0" encoding="UTF-8"?>
<!-- Generated by org.testng.reporters.JUnitXMLReporter -->
<testsuite hostname="LP-5CD9126FLM" ignored="0" name="Default test" tests="3" failures="0" timestamp="04 Jun 2019 07:03:19 GMT" time="317.985" errors="0">
  <testcase name="verifytheurl_and_capture" time="49.814" classname="com.URL.captureTheCount"/>
  <testcase name="verifytheurl_and_capture" time="104.605" classname="com.URL.captureTheCount"/>
  <testcase name="verifytheurl_and_capture" time="137.189" classname="com.URL.captureTheCount"/>
</testsuite> <!-- Default test -->
